1747379882.910775,[57, 2],-0.11567901559225935,[[-3.8780572 -3.7800447]]
1747379883.0176182,[57, 2],-0.11567901559225935,[[-3.8780572 -3.7800447]]
1747379883.130458,[57, 2],-0.11567901559225935,[[-3.8780572 -3.7800447]]
1747379883.2448053,[57, 2],-0.11567901559225935,[[-3.8780572 -3.7800447]]
1747379883.3615127,[57, 2],-0.11567901559225935,[[-3.8780572 -3.7800447]]
1747379883.4705634,[57, 2],-0.11567901559225935,[[-3.8780572 -3.7800447]]
1747379883.5834537,[57, 2],-0.11567901559225935,[[-3.8780572 -3.7800447]]
1747379883.7088742,[57, 2],-0.11567901559225935,[[-3.8780572 -3.7800447]]
1747379883.830336,[57, 2],-0.11567901559225935,[[-3.8780572 -3.7800447]]
1747379883.9531732,[57, 2],-0.11567901559225935,[[-3.8780572 -3.7800447]]
1747379884.0709538,[57, 2],-0.11567901559225935,[[-3.8780572 -3.7800447]]
1747379884.1909006,[57, 2],-0.11567901559225935,[[-3.8780572 -3.7800447]]
1747379884.3211083,[57, 2],-0.11567901559225935,[[-3.8780572 -3.7800447]]
1747379884.4511237,[57, 2],-0.11567901559225935,[[-3.8780572 -3.7800447]]
1747379884.5696664,[57, 2],-0.11567901559225935,[[-3.8780572 -3.7800447]]
1747379884.6928737,[57, 2],-0.11567901559225935,[[-3.8780572 -3.7800447]]
1747379884.8259017,[57, 2],-0.11567901559225935,[[-3.8780572 -3.7800447]]
1747379884.9428494,[57, 2],-0.11567901559225935,[[-3.8780572 -3.7800447]]
1747379885.1069922,[57, 2],-0.11567901559225935,[[-3.8780572 -3.7800447]]
1747379885.2279482,[57, 2],-0.11567901559225935,[[-3.8780572 -3.7800447]]
1747379885.3743637,[57, 2],-0.11567901559225935,[[-3.8780572 -3.7800447]]
1747379885.5364451,[57, 2],-0.11567901559225935,[[-3.8780572 -3.7800447]]
1747379885.7124891,[57, 2],-0.11567901559225935,[[-3.8780572 -3.7800447]]
1747379885.8349621,[57, 2],-0.11567901559225935,[[-3.8780572 -3.7800447]]
1747379885.991469,[57, 2],-0.11567901559225935,[[-3.8780572 -3.7800447]]
1747379886.141549,[57, 2],-0.11567901559225935,[[-3.8780572 -3.7800447]]
1747379886.2982,[57, 2],-0.11567901559225935,[[-3.8780572 -3.7800447]]
1747379886.4420822,[57, 2],-0.11567901559225935,[[-3.8780572 -3.7800447]]
1747379886.6096175,[57, 2],-0.11567901559225935,[[-3.8780572 -3.7800447]]
1747379886.7598674,[57, 2],-0.11567901559225935,[[-3.8780572 -3.7800447]]
1747379886.9143307,[57, 2],-0.11567901559225935,[[-3.8780572 -3.7800447]]
1747379887.0329638,[57, 2],-0.11567901559225935,[[-3.8780572 -3.7800447]]
1747379955.1100867,[57, 2],-0.11567901559225935,[[-3.8780572 -3.7800447]]
1747379955.2189252,[57, 2],-0.11567901559225935,[[-3.8780572 -3.7800447]]
1747379955.3307421,[57, 2],-0.11567901559225935,[[-3.8780572 -3.7800447]]
1747379955.4454854,[57, 2],-0.11567901559225935,[[-3.8780572 -3.7800447]]
1747379955.5565107,[57, 2],-0.11567901559225935,[[-3.8780572 -3.7800447]]
1747379955.663577,[57, 2],-0.11567901559225935,[[-3.8780572 -3.7800447]]
1747379955.7912152,[57, 2],-0.11567901559225935,[[-3.8780572 -3.7800447]]
1747379955.8978753,[57, 2],-0.11567901559225935,[[-3.8780572 -3.7800447]]
1747379956.0054529,[57, 2],-0.11567901559225935,[[-3.8780572 -3.7800447]]
1747379956.136283,[57, 2],-0.11567901559225935,[[-3.8780572 -3.7800447]]
1747379956.2540727,[57, 2],-0.11567901559225935,[[-3.8780572 -3.7800447]]
1747379956.3779554,[57, 2],-0.11567901559225935,[[-3.8780572 -3.7800447]]
1747379956.5549862,[57, 2],-0.11567901559225935,[[-3.8780572 -3.7800447]]
1747379956.7366395,[57, 2],-0.11567901559225935,[[-3.8780572 -3.7800447]]
1747379956.9187388,[57, 2],-0.11567901559225935,[[-3.8780572 -3.7800447]]
1747379957.0813522,[57, 2],-0.11567901559225935,[[-3.8780572 -3.7800447]]
1747379957.2333345,[57, 2],-0.11567901559225935,[[-3.8780572 -3.7800447]]
1747379957.3773606,[57, 2],-0.11567901559225935,[[-3.8780572 -3.7800447]]
1747379957.5751274,[57, 2],-0.11567901559225935,[[-3.8780572 -3.7800447]]
1747379957.7373092,[57, 2],-0.11567901559225935,[[-3.8780572 -3.7800447]]
1747379957.9171572,[57, 2],-0.11567901559225935,[[-3.8780572 -3.7800447]]
1747379958.0374303,[57, 2],-0.11567901559225935,[[-3.8780572 -3.7800447]]
1747379958.2311318,[57, 2],-0.11567901559225935,[[-3.8780572 -3.7800447]]
1747379958.3581998,[57, 2],-0.11567901559225935,[[-3.8780572 -3.7800447]]
1747379958.501946,[57, 2],-0.11567901559225935,[[-3.8780572 -3.7800447]]
1747379958.6410127,[57, 2],-0.11567901559225935,[[-3.8780572 -3.7800447]]
1747379958.8281431,[57, 2],-0.11567901559225935,[[-3.8780572 -3.7800447]]
1747379959.021931,[57, 2],-0.11567901559225935,[[-3.8780572 -3.7800447]]
1747379959.2082958,[57, 2],-0.11567901559225935,[[-3.8780572 -3.7800447]]
1747379959.4114325,[57, 2],-0.11567901559225935,[[-3.8780572 -3.7800447]]
1747379959.544507,[57, 2],-0.11567901559225935,[[-3.8780572 -3.7800447]]
1747379959.7124538,[57, 2],-0.11567901559225935,[[-3.8780572 -3.7800447]]
1747379959.8957047,[57, 2],-0.11567901559225935,[[-3.8780572 -3.7800447]]
1747380003.9749684,[57, 2],-0.11567901559225935,[[-3.8780572 -3.7800447]]
1747380004.0943773,[57, 2],-0.11567901559225935,[[-3.8780572 -3.7800447]]
1747380004.2081196,[57, 2],-0.11567901559225935,[[-3.8780572 -3.7800447]]
1747380004.3323598,[57, 2],-0.11567901559225935,[[-3.8780572 -3.7800447]]
1747380004.4540374,[57, 2],-0.11567901559225935,[[-3.8780572 -3.7800447]]
1747380004.5873258,[57, 2],-0.11567901559225935,[[-3.8780572 -3.7800447]]
1747380004.6954315,[57, 2],-0.11567901559225935,[[-3.8780572 -3.7800447]]
1747380004.8042824,[57, 2],-0.11567901559225935,[[-3.8780572 -3.7800447]]
1747380004.9133024,[57, 2],-0.11567901559225935,[[-3.8780572 -3.7800447]]
1747380005.0257285,[57, 2],-0.11567901559225935,[[-3.8780572 -3.7800447]]
1747380005.1314313,[57, 2],-0.11567901559225935,[[-3.8780572 -3.7800447]]
1747380005.2581286,[57, 2],-0.11567901559225935,[[-3.8780572 -3.7800447]]
1747380005.4040463,[57, 2],-0.11567901559225935,[[-3.8780572 -3.7800447]]
1747380005.585289,[57, 2],-0.11567901559225935,[[-3.8780572 -3.7800447]]
1747380005.7769718,[57, 2],-0.11567901559225935,[[-3.8780572 -3.7800447]]
1747380005.9014137,[57, 2],-0.11567901559225935,[[-3.8780572 -3.7800447]]
1747380006.0929234,[57, 2],-0.11567901559225935,[[-3.8780572 -3.7800447]]
1747380006.2951427,[57, 2],-0.11567901559225935,[[-3.8780572 -3.7800447]]
1747380006.43418,[57, 2],-0.11567901559225935,[[-3.8780572 -3.7800447]]
1747380006.5673592,[57, 2],-0.11567901559225935,[[-3.8780572 -3.7800447]]
1747380006.7029686,[57, 2],-0.11567901559225935,[[-3.8780572 -3.7800447]]
1747380006.8521845,[57, 2],-0.11567901559225935,[[-3.8780572 -3.7800447]]
1747380006.9842427,[57, 2],-0.11567901559225935,[[-3.8780572 -3.7800447]]
1747380007.1108527,[57, 2],-0.11567901559225935,[[-3.8780572 -3.7800447]]
1747380007.2556186,[57, 2],-0.11567901559225935,[[-3.8780572 -3.7800447]]
1747380007.3947546,[57, 2],-0.11567901559225935,[[-3.8780572 -3.7800447]]
1747380007.5979328,[57, 2],-0.11567901559225935,[[-3.8780572 -3.7800447]]
1747380007.775984,[57, 2],-0.11567901559225935,[[-3.8780572 -3.7800447]]
1747380007.9175434,[57, 2],-0.11567901559225935,[[-3.8780572 -3.7800447]]
1747380008.046901,[57, 2],-0.11567901559225935,[[-3.8780572 -3.7800447]]
1747380008.178877,[57, 2],-0.11567901559225935,[[-3.8780572 -3.7800447]]
1747380008.3145282,[57, 2],-0.11567901559225935,[[-3.8780572 -3.7800447]]
1747380008.4592772,[57, 2],-0.11567901559225935,[[-3.8780572 -3.7800447]]
1747380008.5861776,[57, 2],-0.11567901559225935,[[-3.8780572 -3.7800447]]
1747380008.7161233,[57, 2],-0.11567901559225935,[[-3.8780572 -3.7800447]]
1747380008.8743117,[57, 2],-0.11567901559225935,[[-3.8780572 -3.7800447]]
1747380009.0522053,[57, 2],-0.11567901559225935,[[-3.8780572 -3.7800447]]
1747380009.2124958,[57, 2],-0.11567901559225935,[[-3.8780572 -3.7800447]]
1747380009.3619733,[57, 2],-0.11567901559225935,[[-3.8780572 -3.7800447]]
1747380009.505219,[57, 2],-0.11567901559225935,[[-3.8780572 -3.7800447]]
1747380009.6368096,[57, 2],-0.11567901559225935,[[-3.8780572 -3.7800447]]
1747380009.7857144,[57, 2],-0.11567901559225935,[[-3.8780572 -3.7800447]]
1747380009.9342895,[57, 2],-0.11567901559225935,[[-3.8780572 -3.7800447]]
1747380010.0692463,[57, 2],-0.11567901559225935,[[-3.8780572 -3.7800447]]
1747380010.1926138,[57, 2],-0.11567901559225935,[[-3.8780572 -3.7800447]]
1747380010.3291469,[57, 2],-0.11567901559225935,[[-3.8780572 -3.7800447]]
1747380010.4888518,[57, 2],-0.11567901559225935,[[-3.8780572 -3.7800447]]
1747380010.618315,[57, 2],-0.11567901559225935,[[-3.8780572 -3.7800447]]
1747380010.739091,[57, 2],-0.11567901559225935,[[-3.8780572 -3.7800447]]
1747380010.8853261,[57, 2],-0.11567901559225935,[[-3.8780572 -3.7800447]]
1747380011.061223,[57, 2],-0.11567901559225935,[[-3.8780572 -3.7800447]]
1747380011.2523844,[57, 2],-0.11567901559225935,[[-3.8780572 -3.7800447]]
1747380011.3923068,[57, 2],-0.11567901559225935,[[-3.8780572 -3.7800447]]
1747380011.5435798,[57, 2],-0.11567901559225935,[[-3.8780572 -3.7800447]]
1747380063.8628693,[57, 2],-0.11567901559225935,[[-3.8780572 -3.7800447]]
1747380063.9983604,[57, 2],-0.11567901559225935,[[-3.8780572 -3.7800447]]
1747380064.106995,[57, 2],-0.11567901559225935,[[-3.8780572 -3.7800447]]
1747380064.21531,[57, 2],-0.11567901559225935,[[-3.8780572 -3.7800447]]
1747380064.3347564,[57, 2],-0.11567901559225935,[[-3.8780572 -3.7800447]]
1747380064.4491367,[57, 2],-0.11567901559225935,[[-3.8780572 -3.7800447]]
1747380064.5671613,[57, 2],-0.11567901559225935,[[-3.8780572 -3.7800447]]
1747380064.674114,[57, 2],-0.11567901559225935,[[-3.8780572 -3.7800447]]
1747380064.8033957,[57, 2],-0.11567901559225935,[[-3.8780572 -3.7800447]]
1747380064.9261966,[57, 2],-0.11567901559225935,[[-3.8780572 -3.7800447]]
1747380065.0622368,[57, 2],-0.11567901559225935,[[-3.8780572 -3.7800447]]
1747380065.1694076,[57, 2],-0.11567901559225935,[[-3.8780572 -3.7800447]]
1747380065.2943757,[57, 2],-0.11567901559225935,[[-3.8780572 -3.7800447]]
1747380065.420939,[57, 2],-0.11567901559225935,[[-3.8780572 -3.7800447]]
1747380065.5532432,[57, 2],-0.11567901559225935,[[-3.8780572 -3.7800447]]
1747380065.6913176,[57, 2],-0.11567901559225935,[[-3.8780572 -3.7800447]]
1747380065.8392239,[57, 2],-0.11567901559225935,[[-3.8780572 -3.7800447]]
1747380065.9911282,[57, 2],-0.11567901559225935,[[-3.8780572 -3.7800447]]
1747380066.192186,[57, 2],-0.11567901559225935,[[-3.8780572 -3.7800447]]
1747380066.3723845,[57, 2],-0.11567901559225935,[[-3.8780572 -3.7800447]]
1747380066.5001345,[57, 2],-0.11567901559225935,[[-3.8780572 -3.7800447]]
1747380066.6586778,[57, 2],-0.11567901559225935,[[-3.8780572 -3.7800447]]
1747380066.8487468,[57, 2],-0.11567901559225935,[[-3.8780572 -3.7800447]]
1747380066.984373,[57, 2],-0.11567901559225935,[[-3.8780572 -3.7800447]]
1747380067.1846688,[57, 2],-0.11567901559225935,[[-3.8780572 -3.7800447]]
1747380067.314186,[57, 2],-0.11567901559225935,[[-3.8780572 -3.7800447]]
1747380067.5066624,[57, 2],-0.11567901559225935,[[-3.8780572 -3.7800447]]
1747380067.656548,[57, 2],-0.11567901559225935,[[-3.8780572 -3.7800447]]
1747380067.794341,[57, 2],-0.11567901559225935,[[-3.8780572 -3.7800447]]
1747380067.9944186,[57, 2],-0.11567901559225935,[[-3.8780572 -3.7800447]]
1747380068.2561316,[57, 2],-0.11567901559225935,[[-3.8780572 -3.7800447]]
1747380068.4426267,[57, 2],-0.11567901559225935,[[-3.8780572 -3.7800447]]
1747380068.6072931,[57, 2],-0.11567901559225935,[[-3.8780572 -3.7800447]]
1747380068.7458518,[57, 2],-0.11567901559225935,[[-3.8780572 -3.7800447]]
1747380068.9280481,[57, 2],-0.11567901559225935,[[-3.8780572 -3.7800447]]
1747380069.0723379,[57, 2],-0.11567901559225935,[[-3.8780572 -3.7800447]]
1747380069.2012508,[57, 2],-0.11567901559225935,[[-3.8780572 -3.7800447]]
1747380069.334794,[57, 2],-0.11567901559225935,[[-3.8780572 -3.7800447]]
1747380069.4845588,[57, 2],-0.11567901559225935,[[-3.8780572 -3.7800447]]
1747380069.626952,[57, 2],-0.11567901559225935,[[-3.8780572 -3.7800447]]
1747380069.775466,[57, 2],-0.11567901559225935,[[-3.8780572 -3.7800447]]
1747380069.9293728,[57, 2],-0.11567901559225935,[[-3.8780572 -3.7800447]]
1747380070.0696557,[57, 2],-0.11567901559225935,[[-3.8780572 -3.7800447]]
1747380070.189634,[57, 2],-0.11567901559225935,[[-3.8780572 -3.7800447]]
1747380070.3186247,[57, 2],-0.11567901559225935,[[-3.8780572 -3.7800447]]
1747380070.4592,[57, 2],-0.11567901559225935,[[-3.8780572 -3.7800447]]
1747380070.6263208,[57, 2],-0.11567901559225935,[[-3.8780572 -3.7800447]]
1747380070.801193,[57, 2],-0.11567901559225935,[[-3.8780572 -3.7800447]]
1747380070.9726896,[57, 2],-0.11567901559225935,[[-3.8780572 -3.7800447]]
1747380071.133584,[57, 2],-0.11567901559225935,[[-3.8780572 -3.7800447]]
1747380071.307751,[57, 2],-0.11567901559225935,[[-3.8780572 -3.7800447]]
1747380071.4279244,[57, 2],-0.11567901559225935,[[-3.8780572 -3.7800447]]
1747380071.6153638,[57, 2],-0.11567901559225935,[[-3.8780572 -3.7800447]]
1747380071.788991,[57, 2],-0.11567901559225935,[[-3.8780572 -3.7800447]]
1747380071.9696922,[57, 2],-0.11567901559225935,[[-3.8780572 -3.7800447]]
1747380072.1155548,[57, 2],-0.11567901559225935,[[-3.8780572 -3.7800447]]
1747380072.2839322,[57, 2],-0.11567901559225935,[[-3.8780572 -3.7800447]]
1747380072.448197,[57, 2],-0.11567901559225935,[[-3.8780572 -3.7800447]]
1747380072.6297665,[57, 2],-0.11567901559225935,[[-3.8780572 -3.7800447]]
1747380072.7705367,[57, 2],-0.11567901559225935,[[-3.8780572 -3.7800447]]
1747380072.9176779,[57, 2],-0.11567901559225935,[[-3.8780572 -3.7800447]]
1747380073.061183,[57, 2],-0.11567901559225935,[[-3.8780572 -3.7800447]]
1747380073.2409317,[57, 2],-0.11567901559225935,[[-3.8780572 -3.7800447]]
1747380073.4235709,[57, 2],-0.11567901559225935,[[-3.8780572 -3.7800447]]
1747380073.584636,[57, 2],-0.11567901559225935,[[-3.8780572 -3.7800447]]
1747380073.7383711,[57, 2],-0.11567901559225935,[[-3.8780572 -3.7800447]]
1747380073.9082708,[57, 2],-0.11567901559225935,[[-3.8780572 -3.7800447]]
1747380074.05283,[57, 2],-0.11567901559225935,[[-3.8780572 -3.7800447]]
1747380074.2078366,[57, 2],-0.11567901559225935,[[-3.8780572 -3.7800447]]
1747380074.3601623,[57, 2],-0.11567901559225935,[[-3.8780572 -3.7800447]]
1747380074.507974,[57, 2],-0.11567901559225935,[[-3.8780572 -3.7800447]]
1747380074.6341043,[57, 2],-0.11567901559225935,[[-3.8780572 -3.7800447]]
1747380074.7798045,[57, 2],-0.11567901559225935,[[-3.8780572 -3.7800447]]
1747380074.9174538,[57, 2],-0.11567901559225935,[[-3.8780572 -3.7800447]]
1747380075.0479941,[57, 2],-0.11567901559225935,[[-3.8780572 -3.7800447]]
1747380075.170172,[57, 2],-0.11567901559225935,[[-3.8780572 -3.7800447]]
1747380075.3165035,[57, 2],-0.11567901559225935,[[-3.8780572 -3.7800447]]
1747380075.4712644,[57, 2],-0.11567901559225935,[[-3.8780572 -3.7800447]]
1747380075.6460419,[57, 2],-0.11567901559225935,[[-3.8780572 -3.7800447]]
1747380075.7725346,[57, 2],-0.11567901559225935,[[-3.8780572 -3.7800447]]
1747380075.9245152,[57, 2],-0.11567901559225935,[[-3.8780572 -3.7800447]]
1747380076.0582519,[57, 2],-0.11567901559225935,[[-3.8780572 -3.7800447]]
1747380076.1911905,[57, 2],-0.11567901559225935,[[-3.8780572 -3.7800447]]
1747380076.310154,[57, 2],-0.11567901559225935,[[-3.8780572 -3.7800447]]
1747380076.4392614,[57, 2],-0.11567901559225935,[[-3.8780572 -3.7800447]]
1747380076.61669,[57, 2],-0.11567901559225935,[[-3.8780572 -3.7800447]]
1747380076.829018,[57, 2],-0.11567901559225935,[[-3.8780572 -3.7800447]]
1747380076.97915,[57, 2],-0.11567901559225935,[[-3.8780572 -3.7800447]]
1747380077.1378043,[57, 2],-0.11567901559225935,[[-3.8780572 -3.7800447]]
1747380077.319654,[57, 2],-0.11567901559225935,[[-3.8780572 -3.7800447]]
1747380077.5212371,[57, 2],-0.11567901559225935,[[-3.8780572 -3.7800447]]
1747380077.665422,[57, 2],-0.11567901559225935,[[-3.8780572 -3.7800447]]
1747380077.8323398,[57, 2],-0.11567901559225935,[[-3.8780572 -3.7800447]]
1747380078.0111394,[57, 2],-0.11567901559225935,[[-3.8780572 -3.7800447]]
1747380078.1491823,[57, 2],-0.11567901559225935,[[-3.8780572 -3.7800447]]
1747380078.280836,[57, 2],-0.11567901559225935,[[-3.8780572 -3.7800447]]
1747380078.3954263,[57, 2],-0.11567901559225935,[[-3.8780572 -3.7800447]]
1747380078.5308836,[57, 2],-0.11567901559225935,[[-3.8780572 -3.7800447]]
1747380078.6535785,[57, 2],-0.11567901559225935,[[-3.8780572 -3.7800447]]
1747380078.7790937,[57, 2],-0.11567901559225935,[[-3.8780572 -3.7800447]]
1747380078.9155889,[57, 2],-0.11567901559225935,[[-3.8780572 -3.7800447]]
1747380079.0385227,[57, 2],-0.11567901559225935,[[-3.8780572 -3.7800447]]
1747380079.1699564,[57, 2],-0.11567901559225935,[[-3.8780572 -3.7800447]]
1747380079.3344514,[57, 2],-0.11567901559225935,[[-3.8780572 -3.7800447]]
1747380079.4981794,[57, 2],-0.11567901559225935,[[-3.8780572 -3.7800447]]
1747380079.66109,[57, 2],-0.11567901559225935,[[-3.8780572 -3.7800447]]
1747380079.8379006,[57, 2],-0.11567901559225935,[[-3.8780572 -3.7800447]]
