Worker 2 started flooding...
Worker 2 error: ModbusClientMixin.read_coils() takes 2 positional arguments but 3 positional arguments (and 1 keyword-only argument) were given
Worker 3 started flooding...
Worker 3 error: ModbusClientMixin.read_coils() takes 2 positional arguments but 3 positional arguments (and 1 keyword-only argument) were given
Worker 1 started flooding...
Worker 1 error: ModbusClientMixin.read_coils() takes 2 positional arguments but 3 positional arguments (and 1 keyword-only argument) were given
Worker 4 started flooding...
Worker 4 error: ModbusClientMixin.read_coils() takes 2 positional arguments but 3 positional arguments (and 1 keyword-only argument) were given
Worker 5 started flooding...
Worker 5 error: ModbusClientMixin.read_coils() takes 2 positional arguments but 3 positional arguments (and 1 keyword-only argument) were given
Worker 8 started flooding...
Worker 8 error: ModbusClientMixin.read_coils() takes 2 positional arguments but 3 positional arguments (and 1 keyword-only argument) were given
Worker 6 started flooding...
Worker 6 error: ModbusClientMixin.read_coils() takes 2 positional arguments but 3 positional arguments (and 1 keyword-only argument) were given
Worker 9 started flooding...
Worker 9 error: ModbusClientMixin.read_coils() takes 2 positional arguments but 3 positional arguments (and 1 keyword-only argument) were given
Worker 7 started flooding...
Worker 7 error: ModbusClientMixin.read_coils() takes 2 positional arguments but 3 positional arguments (and 1 keyword-only argument) were given
Worker 10 started flooding...
Worker 10 error: ModbusClientMixin.read_coils() takes 2 positional arguments but 3 positional arguments (and 1 keyword-only argument) were given
Started 10 flood workers. Press Ctrl+C to stop.
Stopping workers...
DOS flood stopped.
