Starting Modbus fuzzer (random reads/writes)...
[FUZZ] ReadDiscreteInputsResponse(dev_id=1, transaction_id=1, address=0, count=0, bits=[False, False, False, False, False, False, False, False], registers=[], status=1)
[FUZZ] ReadInputRegistersResponse(dev_id=1, transaction_id=2, address=0, count=0, bits=[], registers=[0, 0, 0, 0], status=1)
[FUZZ] WriteSingleCoilResponse(dev_id=1, transaction_id=3, address=7, count=0, bits=[True], registers=[], status=1)
[FUZZ] ReadCoilsResponse(dev_id=1, transaction_id=4, address=0, count=0, bits=[False, False, False, False, False, False, False, False], registers=[], status=1)
[FUZZ] ReadDiscreteInputsResponse(dev_id=1, transaction_id=5, address=0, count=0, bits=[False, False, False, False, False, False, False, False], registers=[], status=1)
[FUZZ] WriteSingleCoilResponse(dev_id=1, transaction_id=6, address=7, count=0, bits=[False], registers=[], status=1)
[FUZZ] WriteMultipleRegistersResponse(dev_id=1, transaction_id=7, address=10, count=5, bits=[], registers=[], status=1)
[FUZZ] WriteMultipleCoilsResponse(dev_id=1, transaction_id=8, address=10, count=5, bits=[], registers=[], status=1)
[FUZZ] WriteMultipleCoilsResponse(dev_id=1, transaction_id=9, address=3, count=3, bits=[], registers=[], status=1)
[FUZZ] WriteSingleRegisterResponse(dev_id=1, transaction_id=10, address=7, count=0, bits=[], registers=[24700], status=1)
[FUZZ] ReadCoilsResponse(dev_id=1, transaction_id=11, address=0, count=0, bits=[False, False, False, False, False, False, False, False], registers=[], status=1)
[FUZZ] ReadHoldingRegistersResponse(dev_id=1, transaction_id=12, address=0, count=0, bits=[], registers=[0, 0], status=1)
[FUZZ] ReadCoilsResponse(dev_id=1, transaction_id=13, address=0, count=0, bits=[False, False, False, False, False, False, False, False], registers=[], status=1)
[FUZZ] ReadCoilsResponse(dev_id=1, transaction_id=14, address=0, count=0, bits=[False, False, False, False, False, False, False, False], registers=[], status=1)
[FUZZ] WriteSingleCoilResponse(dev_id=1, transaction_id=15, address=3, count=0, bits=[False], registers=[], status=1)
[FUZZ] ReadCoilsResponse(dev_id=1, transaction_id=16, address=0, count=0, bits=[False, False, False, False, False, False, False, False], registers=[], status=1)
[FUZZ] WriteSingleCoilResponse(dev_id=1, transaction_id=17, address=4, count=0, bits=[False], registers=[], status=1)
[FUZZ] ReadCoilsResponse(dev_id=1, transaction_id=18, address=0, count=0, bits=[False, False, False, False, False, False, False, False], registers=[], status=1)
[FUZZ] WriteMultipleCoilsResponse(dev_id=1, transaction_id=19, address=10, count=2, bits=[], registers=[], status=1)
[FUZZ] ReadHoldingRegistersResponse(dev_id=1, transaction_id=20, address=0, count=0, bits=[], registers=[2, 0, 0, 0], status=1)
[FUZZ] WriteSingleRegisterResponse(dev_id=1, transaction_id=21, address=8, count=0, bits=[], registers=[50007], status=1)
[FUZZ] ReadHoldingRegistersResponse(dev_id=1, transaction_id=22, address=0, count=0, bits=[], registers=[1, 2, 0, 0], status=1)
[FUZZ] WriteMultipleRegistersResponse(dev_id=1, transaction_id=23, address=3, count=3, bits=[], registers=[], status=1)
[FUZZ] WriteSingleRegisterResponse(dev_id=1, transaction_id=24, address=3, count=0, bits=[], registers=[12107], status=1)
[FUZZ] WriteSingleCoilResponse(dev_id=1, transaction_id=25, address=0, count=0, bits=[True], registers=[], status=1)
[FUZZ] ReadInputRegistersResponse(dev_id=1, transaction_id=26, address=0, count=0, bits=[], registers=[0, 0], status=1)
[FUZZ] WriteMultipleCoilsResponse(dev_id=1, transaction_id=27, address=0, count=4, bits=[], registers=[], status=1)
[FUZZ] ReadDiscreteInputsResponse(dev_id=1, transaction_id=28, address=0, count=0, bits=[False, False, False, False, False, False, False, False], registers=[], status=1)
[FUZZ] ReadCoilsResponse(dev_id=1, transaction_id=29, address=0, count=0, bits=[False, False, False, False, False, False, False, False], registers=[], status=1)
[FUZZ] WriteMultipleCoilsResponse(dev_id=1, transaction_id=30, address=1, count=3, bits=[], registers=[], status=1)
[FUZZ] ReadCoilsResponse(dev_id=1, transaction_id=31, address=0, count=0, bits=[False, False, False, False, False, False, False, False], registers=[], status=1)
[FUZZ] ReadCoilsResponse(dev_id=1, transaction_id=32, address=0, count=0, bits=[False, False, False, False, False, False, False, False], registers=[], status=1)
[FUZZ] ReadInputRegistersResponse(dev_id=1, transaction_id=33, address=0, count=0, bits=[], registers=[0, 0, 0, 0, 0], status=1)
[FUZZ] ReadCoilsResponse(dev_id=1, transaction_id=34, address=0, count=0, bits=[False, False, False, False, False, False, False, False], registers=[], status=1)
[FUZZ] WriteSingleRegisterResponse(dev_id=1, transaction_id=35, address=6, count=0, bits=[], registers=[61090], status=1)
[FUZZ] WriteSingleRegisterResponse(dev_id=1, transaction_id=36, address=5, count=0, bits=[], registers=[23123], status=1)
[FUZZ] WriteSingleRegisterResponse(dev_id=1, transaction_id=37, address=2, count=0, bits=[], registers=[42857], status=1)
[FUZZ] ReadDiscreteInputsResponse(dev_id=1, transaction_id=38, address=0, count=0, bits=[True, False, False, False, False, False, False, False], registers=[], status=1)
[FUZZ] ReadInputRegistersResponse(dev_id=1, transaction_id=39, address=0, count=0, bits=[], registers=[0], status=1)
[FUZZ] ReadCoilsResponse(dev_id=1, transaction_id=40, address=0, count=0, bits=[False, False, False, False, False, False, False, False], registers=[], status=1)
[FUZZ] ReadDiscreteInputsResponse(dev_id=1, transaction_id=41, address=0, count=0, bits=[False, False, False, False, False, False, False, False], registers=[], status=1)
[FUZZ] ReadCoilsResponse(dev_id=1, transaction_id=42, address=0, count=0, bits=[False, False, False, False, False, False, False, False], registers=[], status=1)
[FUZZ] WriteSingleCoilResponse(dev_id=1, transaction_id=43, address=8, count=0, bits=[False], registers=[], status=1)
[FUZZ] ReadDiscreteInputsResponse(dev_id=1, transaction_id=44, address=0, count=0, bits=[False, False, False, False, False, False, False, False], registers=[], status=1)
[FUZZ] ReadHoldingRegistersResponse(dev_id=1, transaction_id=45, address=0, count=0, bits=[], registers=[0, 0, 0], status=1)
[FUZZ] ReadInputRegistersResponse(dev_id=1, transaction_id=46, address=0, count=0, bits=[], registers=[0, 0, 0, 0, 0], status=1)
[FUZZ] ReadDiscreteInputsResponse(dev_id=1, transaction_id=47, address=0, count=0, bits=[False, False, False, False, False, False, False, False], registers=[], status=1)
[FUZZ] WriteSingleCoilResponse(dev_id=1, transaction_id=48, address=8, count=0, bits=[False], registers=[], status=1)
[FUZZ] ReadInputRegistersResponse(dev_id=1, transaction_id=49, address=0, count=0, bits=[], registers=[0, 0, 0, 0, 0], status=1)
[FUZZ] WriteSingleRegisterResponse(dev_id=1, transaction_id=50, address=2, count=0, bits=[], registers=[10005], status=1)
[FUZZ] ReadCoilsResponse(dev_id=1, transaction_id=51, address=0, count=0, bits=[False, False, False, False, False, False, False, False], registers=[], status=1)
[FUZZ] ReadCoilsResponse(dev_id=1, transaction_id=52, address=0, count=0, bits=[False, False, False, False, False, False, False, False], registers=[], status=1)
[FUZZ] ReadInputRegistersResponse(dev_id=1, transaction_id=53, address=0, count=0, bits=[], registers=[0, 0, 0, 0], status=1)
[FUZZ] ReadInputRegistersResponse(dev_id=1, transaction_id=54, address=0, count=0, bits=[], registers=[0], status=1)
[FUZZ] WriteMultipleCoilsResponse(dev_id=1, transaction_id=55, address=8, count=2, bits=[], registers=[], status=1)
[FUZZ] WriteSingleCoilResponse(dev_id=1, transaction_id=56, address=8, count=0, bits=[True], registers=[], status=1)
[FUZZ] ReadCoilsResponse(dev_id=1, transaction_id=57, address=0, count=0, bits=[False, False, False, False, False, False, False, False], registers=[], status=1)
[FUZZ] WriteSingleCoilResponse(dev_id=1, transaction_id=58, address=4, count=0, bits=[True], registers=[], status=1)
[FUZZ] WriteSingleRegisterResponse(dev_id=1, transaction_id=59, address=5, count=0, bits=[], registers=[42167], status=1)
[FUZZ] WriteMultipleCoilsResponse(dev_id=1, transaction_id=60, address=7, count=5, bits=[], registers=[], status=1)
[FUZZ] WriteSingleRegisterResponse(dev_id=1, transaction_id=61, address=6, count=0, bits=[], registers=[18382], status=1)
[FUZZ] ReadInputRegistersResponse(dev_id=1, transaction_id=62, address=0, count=0, bits=[], registers=[0, 0], status=1)
[FUZZ] ReadCoilsResponse(dev_id=1, transaction_id=63, address=0, count=0, bits=[False, False, False, False, False, False, False, False], registers=[], status=1)
[FUZZ] WriteSingleCoilResponse(dev_id=1, transaction_id=64, address=0, count=0, bits=[True], registers=[], status=1)
[FUZZ] WriteSingleCoilResponse(dev_id=1, transaction_id=65, address=7, count=0, bits=[True], registers=[], status=1)
[FUZZ] WriteMultipleRegistersResponse(dev_id=1, transaction_id=66, address=0, count=2, bits=[], registers=[], status=1)
[FUZZ] WriteMultipleRegistersResponse(dev_id=1, transaction_id=67, address=5, count=1, bits=[], registers=[], status=1)
[FUZZ] ReadInputRegistersResponse(dev_id=1, transaction_id=68, address=0, count=0, bits=[], registers=[0, 0, 0], status=1)
[FUZZ] ReadCoilsResponse(dev_id=1, transaction_id=69, address=0, count=0, bits=[False, False, False, False, False, False, False, False], registers=[], status=1)
[FUZZ] WriteMultipleCoilsResponse(dev_id=1, transaction_id=70, address=2, count=5, bits=[], registers=[], status=1)
[FUZZ] WriteSingleCoilResponse(dev_id=1, transaction_id=71, address=6, count=0, bits=[False], registers=[], status=1)
[FUZZ] ReadCoilsResponse(dev_id=1, transaction_id=72, address=0, count=0, bits=[False, False, False, False, False, False, False, False], registers=[], status=1)
[FUZZ] ReadDiscreteInputsResponse(dev_id=1, transaction_id=73, address=0, count=0, bits=[False, False, False, False, False, False, False, False], registers=[], status=1)
[FUZZ] WriteMultipleCoilsResponse(dev_id=1, transaction_id=74, address=2, count=4, bits=[], registers=[], status=1)
[FUZZ] ReadHoldingRegistersResponse(dev_id=1, transaction_id=75, address=0, count=0, bits=[], registers=[0, 0, 0], status=1)
[FUZZ] WriteSingleRegisterResponse(dev_id=1, transaction_id=76, address=2, count=0, bits=[], registers=[17878], status=1)
[FUZZ] ReadDiscreteInputsResponse(dev_id=1, transaction_id=77, address=0, count=0, bits=[False, False, False, False, False, False, False, False], registers=[], status=1)
[FUZZ] ReadDiscreteInputsResponse(dev_id=1, transaction_id=78, address=0, count=0, bits=[False, False, False, False, False, False, False, False], registers=[], status=1)
[FUZZ] ReadHoldingRegistersResponse(dev_id=1, transaction_id=79, address=0, count=0, bits=[], registers=[0, 0, 0, 0, 0], status=1)
[FUZZ] ReadHoldingRegistersResponse(dev_id=1, transaction_id=80, address=0, count=0, bits=[], registers=[1], status=1)
[FUZZ] ReadInputRegistersResponse(dev_id=1, transaction_id=81, address=0, count=0, bits=[], registers=[0, 0, 0, 0], status=1)
[FUZZ] ReadCoilsResponse(dev_id=1, transaction_id=82, address=0, count=0, bits=[False, False, False, False, False, False, False, False], registers=[], status=1)
[FUZZ] ReadHoldingRegistersResponse(dev_id=1, transaction_id=83, address=0, count=0, bits=[], registers=[2, 0, 0], status=1)
[FUZZ] WriteSingleCoilResponse(dev_id=1, transaction_id=84, address=6, count=0, bits=[False], registers=[], status=1)
[FUZZ] WriteSingleRegisterResponse(dev_id=1, transaction_id=85, address=9, count=0, bits=[], registers=[18370], status=1)
[FUZZ] WriteMultipleRegistersResponse(dev_id=1, transaction_id=86, address=2, count=2, bits=[], registers=[], status=1)
[FUZZ] WriteSingleRegisterResponse(dev_id=1, transaction_id=87, address=8, count=0, bits=[], registers=[49154], status=1)
[FUZZ] ReadHoldingRegistersResponse(dev_id=1, transaction_id=88, address=0, count=0, bits=[], registers=[0, 0, 0, 0], status=1)
[FUZZ] ReadHoldingRegistersResponse(dev_id=1, transaction_id=89, address=0, count=0, bits=[], registers=[0], status=1)
[FUZZ] ReadCoilsResponse(dev_id=1, transaction_id=90, address=0, count=0, bits=[False, False, False, False, False, False, False, False], registers=[], status=1)
[FUZZ] ReadInputRegistersResponse(dev_id=1, transaction_id=91, address=0, count=0, bits=[], registers=[0, 0, 0, 0], status=1)
[FUZZ] ReadInputRegistersResponse(dev_id=1, transaction_id=92, address=0, count=0, bits=[], registers=[0, 0], status=1)
[FUZZ] WriteMultipleRegistersResponse(dev_id=1, transaction_id=93, address=0, count=1, bits=[], registers=[], status=1)
[FUZZ] ReadInputRegistersResponse(dev_id=1, transaction_id=94, address=0, count=0, bits=[], registers=[0], status=1)
[FUZZ] WriteSingleRegisterResponse(dev_id=1, transaction_id=95, address=4, count=0, bits=[], registers=[13689], status=1)
[FUZZ] ReadHoldingRegistersResponse(dev_id=1, transaction_id=96, address=0, count=0, bits=[], registers=[1, 2, 0], status=1)
[FUZZ] ReadCoilsResponse(dev_id=1, transaction_id=97, address=0, count=0, bits=[False, False, False, False, False, False, False, False], registers=[], status=1)
[FUZZ] ReadCoilsResponse(dev_id=1, transaction_id=98, address=0, count=0, bits=[False, False, False, False, False, False, False, False], registers=[], status=1)
[FUZZ] WriteSingleRegisterResponse(dev_id=1, transaction_id=99, address=10, count=0, bits=[], registers=[48771], status=1)
[FUZZ] ReadInputRegistersResponse(dev_id=1, transaction_id=100, address=0, count=0, bits=[], registers=[0], status=1)
[FUZZ] WriteSingleRegisterResponse(dev_id=1, transaction_id=101, address=4, count=0, bits=[], registers=[19354], status=1)
[FUZZ] WriteSingleCoilResponse(dev_id=1, transaction_id=102, address=4, count=0, bits=[True], registers=[], status=1)
[FUZZ] WriteSingleCoilResponse(dev_id=1, transaction_id=103, address=0, count=0, bits=[True], registers=[], status=1)
[FUZZ] WriteMultipleRegistersResponse(dev_id=1, transaction_id=104, address=2, count=1, bits=[], registers=[], status=1)
[FUZZ] ReadCoilsResponse(dev_id=1, transaction_id=105, address=0, count=0, bits=[False, False, False, False, False, False, False, False], registers=[], status=1)
[FUZZ] ReadHoldingRegistersResponse(dev_id=1, transaction_id=106, address=0, count=0, bits=[], registers=[0, 0], status=1)
[FUZZ] WriteSingleCoilResponse(dev_id=1, transaction_id=107, address=1, count=0, bits=[True], registers=[], status=1)
[FUZZ] ReadDiscreteInputsResponse(dev_id=1, transaction_id=108, address=0, count=0, bits=[False, False, False, False, False, False, False, False], registers=[], status=1)
[FUZZ] WriteMultipleRegistersResponse(dev_id=1, transaction_id=109, address=4, count=4, bits=[], registers=[], status=1)
[FUZZ] ReadInputRegistersResponse(dev_id=1, transaction_id=110, address=0, count=0, bits=[], registers=[0, 0, 0, 0], status=1)
[FUZZ] WriteSingleRegisterResponse(dev_id=1, transaction_id=111, address=8, count=0, bits=[], registers=[59103], status=1)
[FUZZ] ReadInputRegistersResponse(dev_id=1, transaction_id=112, address=0, count=0, bits=[], registers=[0, 0], status=1)
[FUZZ] WriteMultipleRegistersResponse(dev_id=1, transaction_id=113, address=10, count=5, bits=[], registers=[], status=1)
[FUZZ] WriteMultipleRegistersResponse(dev_id=1, transaction_id=114, address=2, count=4, bits=[], registers=[], status=1)
[FUZZ] WriteMultipleCoilsResponse(dev_id=1, transaction_id=115, address=1, count=4, bits=[], registers=[], status=1)
[FUZZ] WriteMultipleCoilsResponse(dev_id=1, transaction_id=116, address=9, count=2, bits=[], registers=[], status=1)
[FUZZ] WriteSingleCoilResponse(dev_id=1, transaction_id=117, address=1, count=0, bits=[False], registers=[], status=1)
[FUZZ] WriteMultipleCoilsResponse(dev_id=1, transaction_id=118, address=7, count=3, bits=[], registers=[], status=1)
[FUZZ] WriteSingleRegisterResponse(dev_id=1, transaction_id=119, address=9, count=0, bits=[], registers=[21187], status=1)
[FUZZ] ReadInputRegistersResponse(dev_id=1, transaction_id=120, address=0, count=0, bits=[], registers=[0, 0, 0], status=1)
[FUZZ] ReadDiscreteInputsResponse(dev_id=1, transaction_id=121, address=0, count=0, bits=[False, False, False, False, False, False, False, False], registers=[], status=1)
[FUZZ] ReadCoilsResponse(dev_id=1, transaction_id=122, address=0, count=0, bits=[False, False, False, False, False, False, False, False], registers=[], status=1)
[FUZZ] ReadInputRegistersResponse(dev_id=1, transaction_id=123, address=0, count=0, bits=[], registers=[0, 0, 0, 0, 0], status=1)
[FUZZ] ReadCoilsResponse(dev_id=1, transaction_id=124, address=0, count=0, bits=[False, False, False, False, False, False, False, False], registers=[], status=1)
[FUZZ] ReadCoilsResponse(dev_id=1, transaction_id=125, address=0, count=0, bits=[False, False, False, False, False, False, False, False], registers=[], status=1)
[FUZZ] ReadInputRegistersResponse(dev_id=1, transaction_id=126, address=0, count=0, bits=[], registers=[0], status=1)
[FUZZ] WriteSingleRegisterResponse(dev_id=1, transaction_id=127, address=9, count=0, bits=[], registers=[14864], status=1)
[FUZZ] WriteSingleRegisterResponse(dev_id=1, transaction_id=128, address=9, count=0, bits=[], registers=[59076], status=1)
[FUZZ] WriteSingleRegisterResponse(dev_id=1, transaction_id=129, address=10, count=0, bits=[], registers=[9746], status=1)
[FUZZ] ReadCoilsResponse(dev_id=1, transaction_id=130, address=0, count=0, bits=[False, False, False, False, False, False, False, False], registers=[], status=1)
[FUZZ] ReadHoldingRegistersResponse(dev_id=1, transaction_id=131, address=0, count=0, bits=[], registers=[0, 0, 0, 0], status=1)
[FUZZ] ReadInputRegistersResponse(dev_id=1, transaction_id=132, address=0, count=0, bits=[], registers=[0, 0, 0, 0, 0], status=1)
[FUZZ] WriteSingleRegisterResponse(dev_id=1, transaction_id=133, address=5, count=0, bits=[], registers=[54391], status=1)
[FUZZ] ReadDiscreteInputsResponse(dev_id=1, transaction_id=134, address=0, count=0, bits=[False, True, False, False, False, False, False, False], registers=[], status=1)
[FUZZ] ReadDiscreteInputsResponse(dev_id=1, transaction_id=135, address=0, count=0, bits=[False, False, False, False, False, False, False, False], registers=[], status=1)
[FUZZ] WriteSingleRegisterResponse(dev_id=1, transaction_id=136, address=4, count=0, bits=[], registers=[59330], status=1)
[FUZZ] WriteMultipleCoilsResponse(dev_id=1, transaction_id=137, address=2, count=3, bits=[], registers=[], status=1)
[FUZZ] WriteMultipleCoilsResponse(dev_id=1, transaction_id=138, address=5, count=5, bits=[], registers=[], status=1)
[FUZZ] WriteMultipleCoilsResponse(dev_id=1, transaction_id=139, address=9, count=4, bits=[], registers=[], status=1)
[FUZZ] WriteSingleRegisterResponse(dev_id=1, transaction_id=140, address=5, count=0, bits=[], registers=[8726], status=1)
[FUZZ] WriteMultipleRegistersResponse(dev_id=1, transaction_id=141, address=8, count=3, bits=[], registers=[], status=1)
[FUZZ] WriteMultipleCoilsResponse(dev_id=1, transaction_id=142, address=3, count=1, bits=[], registers=[], status=1)
[FUZZ] ReadCoilsResponse(dev_id=1, transaction_id=143, address=0, count=0, bits=[False, False, False, False, False, False, False, False], registers=[], status=1)
[FUZZ] ReadInputRegistersResponse(dev_id=1, transaction_id=144, address=0, count=0, bits=[], registers=[0, 0], status=1)
[FUZZ] WriteMultipleRegistersResponse(dev_id=1, transaction_id=145, address=7, count=1, bits=[], registers=[], status=1)
[FUZZ] WriteSingleRegisterResponse(dev_id=1, transaction_id=146, address=8, count=0, bits=[], registers=[59126], status=1)
[FUZZ] ReadHoldingRegistersResponse(dev_id=1, transaction_id=147, address=0, count=0, bits=[], registers=[0, 0, 0, 0], status=1)
[FUZZ] WriteMultipleCoilsResponse(dev_id=1, transaction_id=148, address=9, count=1, bits=[], registers=[], status=1)
[FUZZ] ReadInputRegistersResponse(dev_id=1, transaction_id=149, address=0, count=0, bits=[], registers=[0, 0], status=1)
[FUZZ] WriteSingleCoilResponse(dev_id=1, transaction_id=150, address=10, count=0, bits=[False], registers=[], status=1)
[FUZZ] WriteMultipleCoilsResponse(dev_id=1, transaction_id=151, address=2, count=4, bits=[], registers=[], status=1)
[FUZZ] WriteMultipleCoilsResponse(dev_id=1, transaction_id=152, address=7, count=4, bits=[], registers=[], status=1)
[FUZZ] WriteSingleCoilResponse(dev_id=1, transaction_id=153, address=2, count=0, bits=[False], registers=[], status=1)
[FUZZ] WriteMultipleRegistersResponse(dev_id=1, transaction_id=154, address=5, count=2, bits=[], registers=[], status=1)
[FUZZ] ReadDiscreteInputsResponse(dev_id=1, transaction_id=155, address=0, count=0, bits=[False, False, False, False, False, False, False, False], registers=[], status=1)
[FUZZ] ReadInputRegistersResponse(dev_id=1, transaction_id=156, address=0, count=0, bits=[], registers=[0, 0, 0], status=1)
[FUZZ] WriteSingleRegisterResponse(dev_id=1, transaction_id=157, address=3, count=0, bits=[], registers=[41512], status=1)
[FUZZ] WriteSingleRegisterResponse(dev_id=1, transaction_id=158, address=9, count=0, bits=[], registers=[49491], status=1)
[FUZZ] WriteMultipleCoilsResponse(dev_id=1, transaction_id=159, address=5, count=4, bits=[], registers=[], status=1)
[FUZZ] WriteSingleRegisterResponse(dev_id=1, transaction_id=160, address=1, count=0, bits=[], registers=[7890], status=1)
[FUZZ] WriteSingleCoilResponse(dev_id=1, transaction_id=161, address=3, count=0, bits=[True], registers=[], status=1)
[FUZZ] WriteMultipleRegistersResponse(dev_id=1, transaction_id=162, address=5, count=3, bits=[], registers=[], status=1)
[FUZZ] ReadInputRegistersResponse(dev_id=1, transaction_id=163, address=0, count=0, bits=[], registers=[0, 0, 0, 0], status=1)
[FUZZ] WriteSingleCoilResponse(dev_id=1, transaction_id=164, address=10, count=0, bits=[False], registers=[], status=1)
[FUZZ] WriteMultipleRegistersResponse(dev_id=1, transaction_id=165, address=9, count=2, bits=[], registers=[], status=1)
[FUZZ] ReadHoldingRegistersResponse(dev_id=1, transaction_id=166, address=0, count=0, bits=[], registers=[0], status=1)
[FUZZ] WriteSingleCoilResponse(dev_id=1, transaction_id=167, address=5, count=0, bits=[False], registers=[], status=1)
[FUZZ] WriteMultipleRegistersResponse(dev_id=1, transaction_id=168, address=9, count=4, bits=[], registers=[], status=1)
[FUZZ] WriteSingleCoilResponse(dev_id=1, transaction_id=169, address=6, count=0, bits=[True], registers=[], status=1)
[FUZZ] ReadDiscreteInputsResponse(dev_id=1, transaction_id=170, address=0, count=0, bits=[False, False, False, False, False, False, False, False], registers=[], status=1)
[FUZZ] WriteSingleRegisterResponse(dev_id=1, transaction_id=171, address=6, count=0, bits=[], registers=[43678], status=1)
[FUZZ] ReadCoilsResponse(dev_id=1, transaction_id=172, address=0, count=0, bits=[False, False, False, False, False, False, False, False], registers=[], status=1)
[FUZZ] WriteMultipleCoilsResponse(dev_id=1, transaction_id=173, address=1, count=5, bits=[], registers=[], status=1)
[FUZZ] WriteMultipleCoilsResponse(dev_id=1, transaction_id=174, address=2, count=3, bits=[], registers=[], status=1)
[FUZZ] ReadInputRegistersResponse(dev_id=1, transaction_id=175, address=0, count=0, bits=[], registers=[0, 0], status=1)
[FUZZ] ReadInputRegistersResponse(dev_id=1, transaction_id=176, address=0, count=0, bits=[], registers=[0, 0, 0], status=1)
[FUZZ] WriteSingleCoilResponse(dev_id=1, transaction_id=177, address=3, count=0, bits=[True], registers=[], status=1)
[FUZZ] ReadDiscreteInputsResponse(dev_id=1, transaction_id=178, address=0, count=0, bits=[False, False, False, False, False, False, False, False], registers=[], status=1)
[FUZZ] WriteMultipleRegistersResponse(dev_id=1, transaction_id=179, address=4, count=1, bits=[], registers=[], status=1)
[FUZZ] ReadInputRegistersResponse(dev_id=1, transaction_id=180, address=0, count=0, bits=[], registers=[0, 0, 0, 0, 0], status=1)
[FUZZ] ReadDiscreteInputsResponse(dev_id=1, transaction_id=181, address=0, count=0, bits=[False, False, False, False, False, False, False, False], registers=[], status=1)
[FUZZ] ReadCoilsResponse(dev_id=1, transaction_id=182, address=0, count=0, bits=[False, False, False, False, False, False, False, False], registers=[], status=1)
[FUZZ] WriteMultipleRegistersResponse(dev_id=1, transaction_id=183, address=2, count=3, bits=[], registers=[], status=1)
[FUZZ] ReadInputRegistersResponse(dev_id=1, transaction_id=184, address=0, count=0, bits=[], registers=[0, 0, 0, 0, 0], status=1)
[FUZZ] ReadDiscreteInputsResponse(dev_id=1, transaction_id=185, address=0, count=0, bits=[False, False, False, False, False, False, False, False], registers=[], status=1)
[FUZZ] ReadHoldingRegistersResponse(dev_id=1, transaction_id=186, address=0, count=0, bits=[], registers=[1, 2], status=1)
[FUZZ] WriteMultipleRegistersResponse(dev_id=1, transaction_id=187, address=9, count=1, bits=[], registers=[], status=1)
[FUZZ] WriteSingleCoilResponse(dev_id=1, transaction_id=188, address=5, count=0, bits=[False], registers=[], status=1)
[FUZZ] WriteSingleCoilResponse(dev_id=1, transaction_id=189, address=1, count=0, bits=[True], registers=[], status=1)
[FUZZ] ReadInputRegistersResponse(dev_id=1, transaction_id=190, address=0, count=0, bits=[], registers=[0], status=1)
[FUZZ] ReadInputRegistersResponse(dev_id=1, transaction_id=191, address=0, count=0, bits=[], registers=[0, 0, 0, 0], status=1)
[FUZZ] ReadInputRegistersResponse(dev_id=1, transaction_id=192, address=0, count=0, bits=[], registers=[0, 0, 0, 0], status=1)
[FUZZ] WriteSingleRegisterResponse(dev_id=1, transaction_id=193, address=7, count=0, bits=[], registers=[22221], status=1)
[FUZZ] ReadInputRegistersResponse(dev_id=1, transaction_id=194, address=0, count=0, bits=[], registers=[0, 0, 0], status=1)
[FUZZ] WriteMultipleCoilsResponse(dev_id=1, transaction_id=195, address=4, count=3, bits=[], registers=[], status=1)
[FUZZ] WriteMultipleCoilsResponse(dev_id=1, transaction_id=196, address=4, count=1, bits=[], registers=[], status=1)
[FUZZ] WriteMultipleCoilsResponse(dev_id=1, transaction_id=197, address=7, count=5, bits=[], registers=[], status=1)
[FUZZ] ReadDiscreteInputsResponse(dev_id=1, transaction_id=198, address=0, count=0, bits=[False, False, False, False, False, False, False, False], registers=[], status=1)
[FUZZ] WriteSingleRegisterResponse(dev_id=1, transaction_id=199, address=0, count=0, bits=[], registers=[11308], status=1)
[FUZZ] ReadCoilsResponse(dev_id=1, transaction_id=200, address=0, count=0, bits=[False, False, False, False, False, False, False, False], registers=[], status=1)
[FUZZ] ReadDiscreteInputsResponse(dev_id=1, transaction_id=201, address=0, count=0, bits=[False, False, False, False, False, False, False, False], registers=[], status=1)
[FUZZ] ReadHoldingRegistersResponse(dev_id=1, transaction_id=202, address=0, count=0, bits=[], registers=[0, 0], status=1)
[FUZZ] WriteSingleCoilResponse(dev_id=1, transaction_id=203, address=7, count=0, bits=[False], registers=[], status=1)
[FUZZ] WriteMultipleRegistersResponse(dev_id=1, transaction_id=204, address=3, count=4, bits=[], registers=[], status=1)
[FUZZ] WriteSingleCoilResponse(dev_id=1, transaction_id=205, address=4, count=0, bits=[False], registers=[], status=1)
[FUZZ] ReadHoldingRegistersResponse(dev_id=1, transaction_id=206, address=0, count=0, bits=[], registers=[0, 0, 0, 0, 0], status=1)
[FUZZ] ReadHoldingRegistersResponse(dev_id=1, transaction_id=207, address=0, count=0, bits=[], registers=[0, 0, 0, 0, 0], status=1)
[FUZZ] WriteSingleRegisterResponse(dev_id=1, transaction_id=208, address=5, count=0, bits=[], registers=[29705], status=1)
[FUZZ] WriteSingleRegisterResponse(dev_id=1, transaction_id=209, address=2, count=0, bits=[], registers=[46799], status=1)
[FUZZ] WriteMultipleCoilsResponse(dev_id=1, transaction_id=210, address=8, count=2, bits=[], registers=[], status=1)
[FUZZ] ReadHoldingRegistersResponse(dev_id=1, transaction_id=211, address=0, count=0, bits=[], registers=[0, 0, 0, 0, 0], status=1)
[FUZZ] ReadCoilsResponse(dev_id=1, transaction_id=212, address=0, count=0, bits=[False, False, False, False, False, False, False, False], registers=[], status=1)
[FUZZ] WriteSingleRegisterResponse(dev_id=1, transaction_id=213, address=0, count=0, bits=[], registers=[59504], status=1)
[FUZZ] WriteSingleCoilResponse(dev_id=1, transaction_id=214, address=4, count=0, bits=[False], registers=[], status=1)
[FUZZ] WriteMultipleCoilsResponse(dev_id=1, transaction_id=215, address=7, count=5, bits=[], registers=[], status=1)

Fuzzing stopped.
